#
# There is insufficient memory for the Java Runtime Environment to continue.
# Native memory allocation (mmap) failed to map 264241152 bytes. Error detail: G1 virtual space
# Possible reasons:
#   The system is out of physical RAM or swap space
#   This process is running with CompressedOops enabled, and the Java Heap may be blocking the growth of the native heap
# Possible solutions:
#   Reduce memory load on the system
#   Increase physical memory or swap space
#   Check if swap backing store is full
#   Decrease Java heap size (-Xmx/-Xms)
#   Decrease number of Java threads
#   Decrease Java thread stack sizes (-Xss)
#   Set larger code cache with -XX:ReservedCodeCacheSize=
#   JVM is running with Zero Based Compressed Oops mode in which the Java heap is
#     placed in the first 32GB address space. The Java Heap base address is the
#     maximum limit for the native heap growth. Please use -XX:HeapBaseMinAddress
#     to set the Java Heap base and to place the Java Heap above 32GB virtual address.
# This output file may be truncated or incomplete.
#
#  Out of Memory Error (os_windows.cpp:3925), pid=26368, tid=31648
#
# JRE version:  (21.0.9) (build )
# Java VM: OpenJDK 64-Bit Server VM (21.0.9+-14649483-b1163.86, mixed mode, sharing, tiered, compressed oops, compressed class ptrs, g1 gc, windows-amd64)
# No core dump will be written. Minidumps are not enabled by default on client versions of Windows
#

---------------  S U M M A R Y ------------

Command Line: org.jetbrains.kotlin.cli.jvm.K2JVMCompiler @C:\AndroidProjects\TJTMartDriverApp\app\build\20260504_7935040505175468193.compiler.options

Host: 12th Gen Intel(R) Core(TM) i7-12700H, 20 cores, 15G,  Windows 11 , 64 bit Build 26100 (10.0.26100.8328)
Time: Mon May  4 19:00:50 2026 SE Asia Standard Time elapsed time: 0.011060 seconds (0d 0h 0m 0s)

---------------  T H R E A D  ---------------

Current thread (0x0000027bc1888fe0):  JavaThread "Unknown thread" [_thread_in_vm, id=31648, stack(0x00000084aea00000,0x00000084aeb00000) (1024K)]

Stack: [0x00000084aea00000,0x00000084aeb00000]
Native frames: (J=compiled Java code, j=interpreted, Vv=VM code, C=native code)
V  [jvm.dll+0x6d6c99]
V  [jvm.dll+0x866b83]
V  [jvm.dll+0x86919e]
V  [jvm.dll+0x869883]
V  [jvm.dll+0x280776]
V  [jvm.dll+0x6d3555]
V  [jvm.dll+0x6c6bea]
V  [jvm.dll+0x3587fb]
V  [jvm.dll+0x360476]
V  [jvm.dll+0x3b2646]
V  [jvm.dll+0x3b2918]
V  [jvm.dll+0x32af0c]
V  [jvm.dll+0x32bbfb]
V  [jvm.dll+0x82e839]
V  [jvm.dll+0x3bf818]
V  [jvm.dll+0x8179d8]
V  [jvm.dll+0x453cbe]
V  [jvm.dll+0x455421]
C  [jli.dll+0x52ab]
C  [ucrtbase.dll+0x37b0]
C  [KERNEL32.DLL+0x2e957]
C  [ntdll.dll+0x427c]


---------------  P R O C E S S  ---------------

Threads class SMR info:
_java_thread_list=0x00007ffb62edb988, length=0, elements={
}

Java Threads: ( => current thread )
Total: 0

Other Threads:
  0x0000027bc18f25c0 WorkerThread "GC Thread#0"                     [id=43704, stack(0x00000084aeb00000,0x00000084aec00000) (1024K)]
  0x0000027bc1903070 ConcurrentGCThread "G1 Main Marker"            [id=22908, stack(0x00000084aec00000,0x00000084aed00000) (1024K)]
  0x0000027bc19055c0 WorkerThread "G1 Conc#0"                       [id=25740, stack(0x00000084aed00000,0x00000084aee00000) (1024K)]

[error occurred during error reporting (printing all threads), id 0xc0000005, EXCEPTION_ACCESS_VIOLATION (0xc0000005) at pc=0x00007ffb626cdee7]
VM state: not at safepoint (not fully initialized)

VM Mutex/Monitor currently owned by a thread:  ([mutex/lock_event])
[0x00007ffb62f48790] Heap_lock - owner thread: 0x0000027bc1888fe0

Heap address: 0x0000000705200000, size: 4014 MB, Compressed Oops mode: Zero based, Oop shift amount: 3

CDS archive(s) mapped at: [0x0000000000000000-0x0000000000000000-0x0000000000000000), size 0, SharedBaseAddress: 0x0000000800000000, ArchiveRelocationMode: 1.
Narrow klass base: 0x0000000000000000, Narrow klass shift: 0, Narrow klass range: 0x0

GC Precious Log:
 CardTable entry size: 512
 Card Set container configuration: InlinePtr #cards 4 size 8 Array Of Cards #cards 16 size 48 Howl #buckets 8 coarsen threshold 3686 Howl Bitmap #cards 512 size 80 coarsen threshold 460 Card regions per heap region 1 cards per card region 4096

Heap:
 garbage-first heap   total 0K, used 0K [0x0000000705200000, 0x0000000800000000)
  region size 2048K, 0 young (0K), 0 survivors (0K)
 Metaspace       used 0K, committed 0K, reserved 0K
  class space    used 0K, committed 0K, reserved 0K

Heap Regions: E=young(eden), S=young(survivor), O=old, HS=humongous(starts), HC=humongous(continues), CS=collection set, F=free, TAMS=top-at-mark-start, PB=parsable bottom

Card table byte_map: [0x0000027bd4c70000,0x0000027bd5450000] _byte_map_base: 0x0000027bd1447000

Marking Bits: (CMBitMap*) 0x0000027bc18f2cc0
 Bits: [0x0000027bd5450000, 0x0000027bd9308000)

GC Heap History (0 events):
No events

Dll operation events (1 events):
Event: 0.006 Loaded shared library C:\Program Files\Android\Android Studio\jbr\bin\java.dll

Deoptimization events (0 events):
No events

Classes loaded (0 events):
No events

Classes unloaded (0 events):
No events

Classes redefined (0 events):
No events

Internal exceptions (0 events):
No events

ZGC Phase Switch (0 events):
No events

VM Operations (0 events):
No events

Memory protections (0 events):
No events

Nmethod flushes (0 events):
No events

Events (0 events):
No events


Dynamic libraries:
0x00007ff7d1560000 - 0x00007ff7d156a000 	C:\Program Files\Android\Android Studio\jbr\bin\java.exe
0x00007ffca1e20000 - 0x00007ffca2087000 	C:\WINDOWS\SYSTEM32\ntdll.dll
0x00007ffca06d0000 - 0x00007ffca0799000 	C:\WINDOWS\System32\KERNEL32.DLL
0x00007ffc9e9c0000 - 0x00007ffc9edb7000 	C:\WINDOWS\System32\KERNELBASE.dll
0x00007ffc9f150000 - 0x00007ffc9f29b000 	C:\WINDOWS\System32\ucrtbase.dll
0x00007ffb93fb0000 - 0x00007ffb93fcb000 	C:\Program Files\Android\Android Studio\jbr\bin\VCRUNTIME140.dll
0x00007ffc5adc0000 - 0x00007ffc5add8000 	C:\Program Files\Android\Android Studio\jbr\bin\jli.dll
0x00007ffc9fbb0000 - 0x00007ffc9fd76000 	C:\WINDOWS\System32\USER32.dll
0x00007ffc9f120000 - 0x00007ffc9f147000 	C:\WINDOWS\System32\win32u.dll
0x00007ffc7e470000 - 0x00007ffc7e702000 	C:\WINDOWS\WinSxS\amd64_microsoft.windows.common-controls_6595b64144ccf1df_6.0.26100.8328_none_3e08182ce334b678\COMCTL32.dll
0x00007ffca0ef0000 - 0x00007ffca0f1b000 	C:\WINDOWS\System32\GDI32.dll
0x00007ffca0940000 - 0x00007ffca09e9000 	C:\WINDOWS\System32\msvcrt.dll
0x00007ffc9edc0000 - 0x00007ffc9eeec000 	C:\WINDOWS\System32\gdi32full.dll
0x00007ffc9e910000 - 0x00007ffc9e9b3000 	C:\WINDOWS\System32\msvcp_win.dll
0x00007ffca1540000 - 0x00007ffca1572000 	C:\WINDOWS\System32\IMM32.DLL
0x00007ffc5a4c0000 - 0x00007ffc5a4cc000 	C:\Program Files\Android\Android Studio\jbr\bin\vcruntime140_1.dll
0x00007ffb6a3f0000 - 0x00007ffb6a47d000 	C:\Program Files\Android\Android Studio\jbr\bin\msvcp140.dll
0x00007ffb62390000 - 0x00007ffb63026000 	C:\Program Files\Android\Android Studio\jbr\bin\server\jvm.dll
0x00007ffca0440000 - 0x00007ffca04f6000 	C:\WINDOWS\System32\ADVAPI32.dll
0x00007ffca0500000 - 0x00007ffca05a7000 	C:\WINDOWS\System32\sechost.dll
0x00007ffca05b0000 - 0x00007ffca06c8000 	C:\WINDOWS\System32\RPCRT4.dll
0x00007ffca0f20000 - 0x00007ffca0fa0000 	C:\WINDOWS\System32\WS2_32.dll
0x00007ffc9e140000 - 0x00007ffc9e19e000 	C:\WINDOWS\SYSTEM32\POWRPROF.dll
0x00007ffc89d40000 - 0x00007ffc89d76000 	C:\WINDOWS\SYSTEM32\WINMM.dll
0x00007ffc92e10000 - 0x00007ffc92e1b000 	C:\WINDOWS\SYSTEM32\VERSION.dll
0x00007ffc9e120000 - 0x00007ffc9e134000 	C:\WINDOWS\SYSTEM32\UMPDC.dll
0x00007ffc9d5b0000 - 0x00007ffc9d5cb000 	C:\WINDOWS\SYSTEM32\kernel.appcore.dll
0x00007ffc5a010000 - 0x00007ffc5a01a000 	C:\Program Files\Android\Android Studio\jbr\bin\jimage.dll
0x00007ffc9c670000 - 0x00007ffc9c8b2000 	C:\WINDOWS\SYSTEM32\DBGHELP.DLL
0x00007ffca0af0000 - 0x00007ffca0e73000 	C:\WINDOWS\System32\combase.dll
0x00007ffca0fb0000 - 0x00007ffca1089000 	C:\WINDOWS\System32\OLEAUT32.dll
0x00007ffc88620000 - 0x00007ffc8865b000 	C:\WINDOWS\SYSTEM32\dbgcore.DLL
0x00007ffc9f070000 - 0x00007ffc9f118000 	C:\WINDOWS\System32\bcryptPrimitives.dll
0x00007ffb93f90000 - 0x00007ffb93fb0000 	C:\Program Files\Android\Android Studio\jbr\bin\java.dll

JVMTI agents: none

dbghelp: loaded successfully - version: 4.0.5 - missing functions: none
symbol engine: initialized successfully - sym options: 0x614 - pdb path: .;C:\Program Files\Android\Android Studio\jbr\bin;C:\WINDOWS\SYSTEM32;C:\WINDOWS\WinSxS\amd64_microsoft.windows.common-controls_6595b64144ccf1df_6.0.26100.8328_none_3e08182ce334b678;C:\Program Files\Android\Android Studio\jbr\bin\server

VM Arguments:
java_command: org.jetbrains.kotlin.cli.jvm.K2JVMCompiler @C:\AndroidProjects\TJTMartDriverApp\app\build\20260504_7935040505175468193.compiler.options
java_class_path (initial): C:\Users\MUHAMMAD FADHILLAH\.gradle\caches\modules-2\files-2.1\org.jetbrains.kotlin\kotlin-compiler-embeddable\2.1.0\988bf980588bbbcfa1ba19c1ffd7aa869b335a31\kotlin-compiler-embeddable-2.1.0.jar;C:\Users\MUHAMMAD FADHILLAH\.gradle\caches\modules-2\files-2.1\org.jetbrains.kotlin\kotlin-stdlib\2.1.0\85f8b81009cda5890e54ba67d64b5e599c645020\kotlin-stdlib-2.1.0.jar;C:\Users\MUHAMMAD FADHILLAH\.gradle\caches\modules-2\files-2.1\org.jetbrains.kotlin\kotlin-script-runtime\2.1.0\5909da8c57b75a117714ab0e348c86101b7a3284\kotlin-script-runtime-2.1.0.jar;C:\Users\MUHAMMAD FADHILLAH\.gradle\caches\modules-2\files-2.1\org.jetbrains.kotlin\kotlin-reflect\1.6.10\1cbe9c92c12a94eea200d23c2bbaedaf3daf5132\kotlin-reflect-1.6.10.jar;C:\Users\MUHAMMAD FADHILLAH\.gradle\caches\modules-2\files-2.1\org.jetbrains.kotlin\kotlin-daemon-embeddable\2.1.0\420bae1908e4a353f5b56c3c850d24d86367b25d\kotlin-daemon-embeddable-2.1.0.jar;C:\Users\MUHAMMAD FADHILLAH\.gradle\caches\modules-2\files-2.1\org.jetbrains.intellij.deps\trove4j\1.0.20200330\3afb14d5f9ceb459d724e907a21145e8ff394f02\trove4j-1.0.20200330.jar;C:\Users\MUHAMMAD FADHILLAH\.gradle\caches\modules-2\files-2.1\org.jetbrains.kotlinx\kotlinx-coroutines-core-jvm\1.6.4\2c997cd1c0ef33f3e751d3831929aeff1390cb30\kotlinx-coroutines-core-jvm-1.6.4.jar;C:\Users\MUHAMMAD FADHILLAH\.gradle\caches\modules-2\files-2.1\org.jetbrains\annotations\13.0\919f0dfe192fb4e063e7dacadee7f8bb9a2672a9\annotations-13.0.jar
Launcher Type: SUN_STANDARD

[Global flags]
     intx CICompilerCount                          = 12                                        {product} {ergonomic}
     uint ConcGCThreads                            = 4                                         {product} {ergonomic}
     uint G1ConcRefinementThreads                  = 15                                        {product} {ergonomic}
   size_t G1HeapRegionSize                         = 2097152                                   {product} {ergonomic}
    uintx GCDrainStackTargetSize                   = 64                                        {product} {ergonomic}
   size_t InitialHeapSize                          = 264241152                                 {product} {ergonomic}
   size_t MarkStackSize                            = 4194304                                   {product} {ergonomic}
   size_t MaxHeapSize                              = 4208984064                                {product} {ergonomic}
   size_t MinHeapDeltaBytes                        = 2097152                                   {product} {ergonomic}
   size_t MinHeapSize                              = 8388608                                   {product} {ergonomic}
    uintx NonNMethodCodeHeapSize                   = 7602480                                {pd product} {ergonomic}
    uintx NonProfiledCodeHeapSize                  = 122027880                              {pd product} {ergonomic}
    uintx ProfiledCodeHeapSize                     = 122027880                              {pd product} {ergonomic}
    uintx ReservedCodeCacheSize                    = 251658240                              {pd product} {ergonomic}
     bool SegmentedCodeCache                       = true                                      {product} {ergonomic}
   size_t SoftMaxHeapSize                          = 4208984064                             {manageable} {ergonomic}
     bool UseCompressedOops                        = true                           {product lp64_product} {ergonomic}
     bool UseG1GC                                  = true                                      {product} {ergonomic}
     bool UseLargePagesIndividualAllocation        = false                                  {pd product} {ergonomic}

Logging:
Log output configuration:
 #0: stdout all=warning uptime,level,tags foldmultilines=false
 #1: stderr all=off uptime,level,tags foldmultilines=false

Release file:
<release file has not been read>
Environment Variables:
PATH=C:\Program Files\Common Files\Oracle\Java\javapath;C:\windows\system32;C:\windows;C:\windows\System32\Wbem;C:\windows\System32\WindowsPowerShell\v1.0\;C:\windows\System32\OpenSSH\;C:\Program Files (x86)\NVIDIA Corporation\PhysX\Common;C:\Program Files\NVIDIA Corporation\NVIDIA NvDLISR;C:\WINDOWS\system32;C:\WINDOWS;C:\WINDOWS\System32\Wbem;C:\WINDOWS\System32\WindowsPowerShell\v1.0\;C:\WINDOWS\System32\OpenSSH\;C:\Program Files\Git\cmd;C:\Program Files\dotnet\;C:\ProgramData\ComposerSetup\bin;C:\Program Files\nodejs\;C:\laragon\bin\php\php-8.4.12-nts-Win32-vs17-x64;C:\Users\MUHAMMAD FADHILLAH\AppData\Local\Programs\mongosh\;C:\Users\MUHAMMAD FADHILLAH\AppData\Local\Android\Sdk\platform-tools;C:\Users\MUHAMMAD FADHILLAH\.config\herd\bin;C:\Users\MUHAMMAD FADHILLAH\AppData\Local\Programs\Eclipse Adoptium\jdk-17.0.12.7-hotspot\bin;C:\Users\MUHAMMAD FADHILLAH\AppData\Local\Microsoft\WindowsApps;C:\Users\MUHAMMAD FADHILLAH\.dotnet\tools;C:\Users\MUHAMMAD FADHILLAH\AppData\Local\Programs\Microsoft VS Code\bin;C:\Users\MUHAMMAD FADHILLAH\AppData\Local\Programs\Python\Python39;C:\Users\MUHAMMAD FADHILLAH\AppData\Local\Programs\Python\Python39\Scripts;C:\Users\MUHAMMAD FADHILLAH\AppData\Roaming\Composer\vendor\bin;C:\Users\MUHAMMAD FADHILLAH\AppData\Local\Programs\cursor\resources\app\bin;C:\xampp\mysql\bin;C:\Program Files\MongoDB\Server\8.0\bin;C:\Program Files\mongosh\;C:\sqlite\;C:\Users\MUHAMMAD FADHILLAH\AppData\Roaming\npm;C:\Users\MUHAMMAD FADHILLAH\Downloads\mongosh-2.5.9-win32-x64\mongosh-2.5.9-win32-x64\bin;
USERNAME=MUHAMMAD FADHILLAH
OS=Windows_NT
PROCESSOR_IDENTIFIER=Intel64 Family 6 Model 154 Stepping 3, GenuineIntel
TMP=C:\Users\MUHAMM~1\AppData\Local\Temp
TEMP=C:\Users\MUHAMM~1\AppData\Local\Temp




Periodic native trim disabled

JNI global refs:
JNI global refs: 0, weak refs: 0

JNI global refs memory usage: 0, weak refs: 0

Process memory usage:
Resident Set Size: 13348K (0% of 16437060K total physical memory with 977976K free physical memory)

OOME stack traces (most recent first):
Classloader memory used:

---------------  S Y S T E M  ---------------

OS:
 Windows 11 , 64 bit Build 26100 (10.0.26100.8328)
OS uptime: 1 days 20:38 hours
Hyper-V role detected

CPU: total 20 (initial active 20) (10 cores per cpu, 2 threads per core) family 6 model 154 stepping 3 microcode 0x434, cx8, cmov, fxsr, ht, mmx, 3dnowpref, sse, sse2, sse3, ssse3, sse4.1, sse4.2, popcnt, lzcnt, tsc, tscinvbit, avx, avx2, aes, erms, clmul, bmi1, bmi2, adx, sha, fma, vzeroupper, clflush, clflushopt, clwb, hv, serialize, rdtscp, rdpid, fsrm, f16c, cet_ibt, cet_ss
Processor Information for processor 0
  Max Mhz: 2300, Current Mhz: 2300, Mhz Limit: 2300
Processor Information for processor 1
  Max Mhz: 2300, Current Mhz: 2300, Mhz Limit: 2300
Processor Information for processor 2
  Max Mhz: 2300, Current Mhz: 2300, Mhz Limit: 2300
Processor Information for processor 3
  Max Mhz: 2300, Current Mhz: 2300, Mhz Limit: 2300
Processor Information for processor 4
  Max Mhz: 2300, Current Mhz: 2300, Mhz Limit: 2300
Processor Information for processor 5
  Max Mhz: 2300, Current Mhz: 2300, Mhz Limit: 2300
Processor Information for processor 6
  Max Mhz: 2300, Current Mhz: 2300, Mhz Limit: 2300
Processor Information for processor 7
  Max Mhz: 2300, Current Mhz: 2300, Mhz Limit: 2300
Processor Information for processor 8
  Max Mhz: 2300, Current Mhz: 2300, Mhz Limit: 2300
Processor Information for processor 9
  Max Mhz: 2300, Current Mhz: 2300, Mhz Limit: 2300
Processor Information for processor 10
  Max Mhz: 2300, Current Mhz: 2300, Mhz Limit: 2300
Processor Information for processor 11
  Max Mhz: 2300, Current Mhz: 2300, Mhz Limit: 2300
Processor Information for processor 12
  Max Mhz: 2300, Current Mhz: 2300, Mhz Limit: 2300
Processor Information for processor 13
  Max Mhz: 2300, Current Mhz: 1488, Mhz Limit: 2300
Processor Information for processor 14
  Max Mhz: 2300, Current Mhz: 2300, Mhz Limit: 2300
Processor Information for processor 15
  Max Mhz: 2300, Current Mhz: 2300, Mhz Limit: 2300
Processor Information for processor 16
  Max Mhz: 2300, Current Mhz: 2300, Mhz Limit: 2300
Processor Information for processor 17
  Max Mhz: 2300, Current Mhz: 2300, Mhz Limit: 2300
Processor Information for processor 18
  Max Mhz: 2300, Current Mhz: 1488, Mhz Limit: 2300
Processor Information for processor 19
  Max Mhz: 2300, Current Mhz: 1488, Mhz Limit: 2300

Memory: 4k page, system-wide physical 16051M (955M free)
TotalPageFile size 34093M (AvailPageFile size 234M)
current process WorkingSet (physical memory assigned to process): 13M, peak: 13M
current process commit charge ("private bytes"): 75M, peak: 327M

vm_info: OpenJDK 64-Bit Server VM (21.0.9+-14649483-b1163.86) for windows-amd64 JRE (21.0.9+-14649483-b1163.86), built on 2025-12-30T22:08:35Z by "builder" with MS VC++ 16.10 / 16.11 (VS2019)

END.
